<?xml version="1.0" encoding="UTF-8"?>
<!-- Generated by org.testng.reporters.JUnitReportReporter -->
<testsuite hostname="DESKTOP-HIHO925" failures="0" tests="3" name="org.samp.A" time="0.011" errors="0" timestamp="11 Oct 2024 09:20:10 GMT" skipped="1">
  <testcase classname="org.samp.A" name="test1" time="0.010"/>
  <testcase classname="org.samp.A" name="test2" time="0.001"/>
  <testcase classname="org.samp.A" name="test3">
    <skipped/>
  </testcase> <!-- test3 -->
</testsuite> <!-- org.samp.A -->
