<?xml version="1.0" encoding="UTF-8"?>
<!-- Generated by org.testng.reporters.JUnitReportReporter -->
<testsuite hostname="DESKTOP-HIHO925" failures="0" tests="1" name="org.project.Main" time="9.883" errors="0" timestamp="11 Oct 2024 09:25:14 GMT" skipped="0">
  <testcase classname="org.project.Main" name="test" time="9.883"/>
</testsuite> <!-- org.project.Main -->
