<?xml version="1.0" encoding="UTF-8"?>
<!-- Generated by org.testng.reporters.JUnitReportReporter -->
<testsuite hostname="DESKTOP-HIHO925" failures="0" tests="3" name="org.samp.C" time="0.003" errors="0" timestamp="11 Oct 2024 09:20:10 GMT" skipped="0">
  <testcase classname="org.samp.C" name="test7" time="0.001"/>
  <testcase classname="org.samp.C" name="test8" time="0.001"/>
  <testcase classname="org.samp.C" name="test9" time="0.001"/>
</testsuite> <!-- org.samp.C -->
